2023-08-08 23:45:57,658.app.INFO =============================================================
2023-08-08 23:45:57,659.app.INFO Today is 2023-08-08 at 11:45 PM
2023-08-08 23:45:57,659.app.INFO This file is running on: nt Windows 10
2023-08-08 23:45:57,660.app.INFO The Python version is: 3.9.13
2023-08-08 23:45:57,660.app.INFO The active environment path is:   C:\Users\habto\Desktop\NWMS classes\CI\CI-Project-6\.venv
2023-08-08 23:45:57,660.app.INFO The current working directory is: C:\Users\habto\Desktop\NWMS classes\CI\CI-Project-6
2023-08-08 23:45:57,661.app.INFO =============================================================
2023-08-08 23:46:04,937.app.INFO Starting server ...
2023-08-08 23:46:04,937.app.INFO Starting continuous updates ...
2023-08-08 23:46:11,565.app.INFO Calling continuous updates ...
2023-08-08 23:46:11,565.app.INFO Calling continuous updates...
2023-08-08 23:47:11,588.app.INFO Calling continuous updates...
2023-08-08 23:48:11,585.app.INFO Calling continuous updates...
2023-08-08 23:49:11,596.app.INFO Calling continuous updates...
2023-08-08 23:50:11,605.app.INFO Calling continuous updates...
2023-08-08 23:51:11,594.app.INFO Calling continuous updates...
2023-08-08 23:52:11,605.app.INFO Calling continuous updates...
2023-08-08 23:53:11,599.app.INFO Calling continuous updates...
2023-08-08 23:54:11,595.app.INFO Calling continuous updates...
2023-08-08 23:55:11,610.app.INFO Calling continuous updates...
2023-08-08 23:56:11,613.app.INFO Calling continuous updates...
2023-08-08 23:57:11,620.app.INFO Calling continuous updates...
2023-08-08 23:57:28,343.app.INFO Calling continuous updates ...
2023-08-08 23:58:11,610.app.INFO Calling continuous updates...
2023-08-08 23:59:11,627.app.INFO Calling continuous updates...
2023-08-09 00:00:11,629.app.INFO Calling continuous updates...
2023-08-09 00:01:11,615.app.INFO Calling continuous updates...
2023-08-09 00:02:11,608.app.INFO Calling continuous updates...
2023-08-09 00:03:11,612.app.INFO Calling continuous updates...
2023-08-09 00:04:11,613.app.INFO Calling continuous updates...
2023-08-09 00:05:11,633.app.INFO Calling continuous updates...
2023-08-09 00:06:11,627.app.INFO Calling continuous updates...
2023-08-09 00:07:11,606.app.INFO Calling continuous updates...
2023-08-09 00:08:11,613.app.INFO Calling continuous updates...
2023-08-09 00:08:28,547.app.INFO Calling continuous updates ...
2023-08-09 00:09:11,610.app.INFO Calling continuous updates...
2023-08-09 00:10:11,608.app.INFO Calling continuous updates...
2023-08-09 00:11:11,615.app.INFO Calling continuous updates...
2023-08-09 00:12:11,610.app.INFO Calling continuous updates...
2023-08-09 00:13:11,615.app.INFO Calling continuous updates...
2023-08-09 00:15:43,797.app.INFO Calling continuous updates...
2023-08-09 00:16:43,805.app.INFO Calling continuous updates...
2023-08-09 00:17:43,797.app.INFO Calling continuous updates...
2023-08-09 00:18:43,789.app.INFO Calling continuous updates...
2023-08-09 00:19:43,793.app.INFO Calling continuous updates...
2023-08-09 00:20:43,792.app.INFO Calling continuous updates...
2023-08-09 00:20:48,182.app.INFO Calling continuous updates ...
2023-08-09 00:21:43,811.app.INFO Calling continuous updates...
2023-08-09 00:22:43,822.app.INFO Calling continuous updates...
2023-08-09 00:23:43,827.app.INFO Calling continuous updates...
2023-08-09 00:24:43,828.app.INFO Calling continuous updates...
2023-08-09 00:25:43,845.app.INFO Calling continuous updates...
2023-08-09 00:26:43,856.app.INFO Calling continuous updates...
2023-08-09 00:27:43,862.app.INFO Calling continuous updates...
2023-08-09 00:28:43,861.app.INFO Calling continuous updates...
2023-08-09 02:42:19,138.app.INFO Calling continuous updates...
2023-08-09 02:43:19,198.app.INFO Calling continuous updates...
2023-08-09 02:44:19,980.app.INFO Calling continuous updates...
2023-08-09 02:44:25,883.app.INFO Calling continuous updates ...
2023-08-09 02:45:20,030.app.INFO Calling continuous updates...
2023-08-09 03:00:01,288.app.INFO Calling continuous updates...
2023-08-09 04:00:29,231.app.INFO Calling continuous updates...
2023-08-09 04:01:29,263.app.INFO Calling continuous updates...
2023-08-09 05:52:33,194.app.INFO Calling continuous updates...
