2023-08-08 23:45:55,941.continuous_location.INFO =============================================================
2023-08-08 23:45:55,942.continuous_location.INFO Today is 2023-08-08 at 11:45 PM
2023-08-08 23:45:55,943.continuous_location.INFO This file is running on: nt Windows 10
2023-08-08 23:45:55,943.continuous_location.INFO The Python version is: 3.9.13
2023-08-08 23:45:55,944.continuous_location.INFO The active environment path is:   C:\Users\habto\Desktop\NWMS classes\CI\CI-Project-6\.venv
2023-08-08 23:45:55,944.continuous_location.INFO The current working directory is: C:\Users\habto\Desktop\NWMS classes\CI\CI-Project-6
2023-08-08 23:45:55,944.continuous_location.INFO =============================================================
2023-08-08 23:46:11,565.continuous_location.INFO Calling update_csv_location
2023-08-08 23:46:11,565.continuous_location.INFO update_interval: 60
2023-08-08 23:46:11,575.continuous_location.INFO total_runtime: 900
2023-08-08 23:46:11,575.continuous_location.INFO num_updates: 10
2023-08-08 23:46:11,575.continuous_location.INFO Initialized csv file at C:\Users\habto\Desktop\NWMS classes\CI\CI-Project-6\data\mtcars_location.csv
2023-08-08 23:46:11,575.continuous_location.INFO Calling get_temperature_from_openweathermap for {lat}, {long}}
2023-08-08 23:46:11,587.continuous_location.INFO Calling fetch_from_url for https://api.openweathermap.org/data/2.5/weather?lat=47.903237&lon=-91.867087&appid=54b37d867f668851633613ae1a099528S&units=imperial
2023-08-08 23:46:11,588.continuous_location.INFO Calling get_temperature_from_openweathermap for {lat}, {long}}
2023-08-08 23:46:11,589.continuous_location.INFO Calling fetch_from_url for https://api.openweathermap.org/data/2.5/weather?lat=36.5323&lon=-116.93&appid=54b37d867f668851633613ae1a099528S&units=imperial
2023-08-08 23:46:11,589.continuous_location.INFO Calling get_temperature_from_openweathermap for {lat}, {long}}
2023-08-08 23:46:11,590.continuous_location.INFO Calling fetch_from_url for https://api.openweathermap.org/data/2.5/weather?lat=40.346102&lon=-94.872471&appid=54b37d867f668851633613ae1a099528S&units=imperial
2023-08-08 23:46:11,591.continuous_location.INFO Calling get_temperature_from_openweathermap for {lat}, {long}}
2023-08-08 23:46:11,592.continuous_location.INFO Calling fetch_from_url for https://api.openweathermap.org/data/2.5/weather?lat=34.052235&lon=-118.243683&appid=54b37d867f668851633613ae1a099528S&units=imperial
2023-08-08 23:46:11,592.continuous_location.INFO Calling get_temperature_from_openweathermap for {lat}, {long}}
2023-08-08 23:46:11,593.continuous_location.INFO Calling fetch_from_url for https://api.openweathermap.org/data/2.5/weather?lat=25.77427&lon=-80.19366&appid=54b37d867f668851633613ae1a099528S&units=imperial
2023-08-08 23:46:11,594.continuous_location.INFO Calling get_temperature_from_openweathermap for {lat}, {long}}
2023-08-08 23:46:11,594.continuous_location.INFO Calling fetch_from_url for https://api.openweathermap.org/data/2.5/weather?lat=40.73061&lon=-73.935242&appid=54b37d867f668851633613ae1a099528S&units=imperial
2023-08-08 23:46:11,601.continuous_location.INFO Saving temperatures to C:\Users\habto\Desktop\NWMS classes\CI\CI-Project-6\data\mtcars_location.csv
2023-08-08 23:47:11,589.continuous_location.INFO Calling get_temperature_from_openweathermap for {lat}, {long}}
2023-08-08 23:47:11,589.continuous_location.INFO Calling fetch_from_url for https://api.openweathermap.org/data/2.5/weather?lat=47.903237&lon=-91.867087&appid=54b37d867f668851633613ae1a099528S&units=imperial
2023-08-08 23:47:11,590.continuous_location.INFO Calling get_temperature_from_openweathermap for {lat}, {long}}
2023-08-08 23:47:11,590.continuous_location.INFO Calling fetch_from_url for https://api.openweathermap.org/data/2.5/weather?lat=36.5323&lon=-116.93&appid=54b37d867f668851633613ae1a099528S&units=imperial
2023-08-08 23:47:11,592.continuous_location.INFO Calling get_temperature_from_openweathermap for {lat}, {long}}
2023-08-08 23:47:11,593.continuous_location.INFO Calling fetch_from_url for https://api.openweathermap.org/data/2.5/weather?lat=40.346102&lon=-94.872471&appid=54b37d867f668851633613ae1a099528S&units=imperial
2023-08-08 23:47:11,593.continuous_location.INFO Calling get_temperature_from_openweathermap for {lat}, {long}}
2023-08-08 23:47:11,594.continuous_location.INFO Calling fetch_from_url for https://api.openweathermap.org/data/2.5/weather?lat=34.052235&lon=-118.243683&appid=54b37d867f668851633613ae1a099528S&units=imperial
2023-08-08 23:47:11,594.continuous_location.INFO Calling get_temperature_from_openweathermap for {lat}, {long}}
2023-08-08 23:47:11,596.continuous_location.INFO Calling fetch_from_url for https://api.openweathermap.org/data/2.5/weather?lat=25.77427&lon=-80.19366&appid=54b37d867f668851633613ae1a099528S&units=imperial
2023-08-08 23:47:11,596.continuous_location.INFO Calling get_temperature_from_openweathermap for {lat}, {long}}
2023-08-08 23:47:11,597.continuous_location.INFO Calling fetch_from_url for https://api.openweathermap.org/data/2.5/weather?lat=40.73061&lon=-73.935242&appid=54b37d867f668851633613ae1a099528S&units=imperial
2023-08-08 23:47:11,600.continuous_location.INFO Saving temperatures to C:\Users\habto\Desktop\NWMS classes\CI\CI-Project-6\data\mtcars_location.csv
2023-08-08 23:48:11,585.continuous_location.INFO Calling get_temperature_from_openweathermap for {lat}, {long}}
2023-08-08 23:48:11,586.continuous_location.INFO Calling fetch_from_url for https://api.openweathermap.org/data/2.5/weather?lat=47.903237&lon=-91.867087&appid=54b37d867f668851633613ae1a099528S&units=imperial
2023-08-08 23:48:11,586.continuous_location.INFO Calling get_temperature_from_openweathermap for {lat}, {long}}
2023-08-08 23:48:11,587.continuous_location.INFO Calling fetch_from_url for https://api.openweathermap.org/data/2.5/weather?lat=36.5323&lon=-116.93&appid=54b37d867f668851633613ae1a099528S&units=imperial
2023-08-08 23:48:11,587.continuous_location.INFO Calling get_temperature_from_openweathermap for {lat}, {long}}
2023-08-08 23:48:11,588.continuous_location.INFO Calling fetch_from_url for https://api.openweathermap.org/data/2.5/weather?lat=40.346102&lon=-94.872471&appid=54b37d867f668851633613ae1a099528S&units=imperial
2023-08-08 23:48:11,588.continuous_location.INFO Calling get_temperature_from_openweathermap for {lat}, {long}}
2023-08-08 23:48:11,589.continuous_location.INFO Calling fetch_from_url for https://api.openweathermap.org/data/2.5/weather?lat=34.052235&lon=-118.243683&appid=54b37d867f668851633613ae1a099528S&units=imperial
2023-08-08 23:48:11,589.continuous_location.INFO Calling get_temperature_from_openweathermap for {lat}, {long}}
2023-08-08 23:48:11,590.continuous_location.INFO Calling fetch_from_url for https://api.openweathermap.org/data/2.5/weather?lat=25.77427&lon=-80.19366&appid=54b37d867f668851633613ae1a099528S&units=imperial
2023-08-08 23:48:11,590.continuous_location.INFO Calling get_temperature_from_openweathermap for {lat}, {long}}
2023-08-08 23:48:11,591.continuous_location.INFO Calling fetch_from_url for https://api.openweathermap.org/data/2.5/weather?lat=40.73061&lon=-73.935242&appid=54b37d867f668851633613ae1a099528S&units=imperial
2023-08-08 23:48:11,593.continuous_location.INFO Saving temperatures to C:\Users\habto\Desktop\NWMS classes\CI\CI-Project-6\data\mtcars_location.csv
2023-08-08 23:49:11,596.continuous_location.INFO Calling get_temperature_from_openweathermap for {lat}, {long}}
2023-08-08 23:49:11,596.continuous_location.INFO Calling fetch_from_url for https://api.openweathermap.org/data/2.5/weather?lat=47.903237&lon=-91.867087&appid=54b37d867f668851633613ae1a099528S&units=imperial
2023-08-08 23:49:11,629.continuous_location.INFO Calling get_temperature_from_openweathermap for {lat}, {long}}
2023-08-08 23:49:11,643.continuous_location.INFO Calling fetch_from_url for https://api.openweathermap.org/data/2.5/weather?lat=36.5323&lon=-116.93&appid=54b37d867f668851633613ae1a099528S&units=imperial
2023-08-08 23:49:11,674.continuous_location.INFO Calling get_temperature_from_openweathermap for {lat}, {long}}
2023-08-08 23:49:11,690.continuous_location.INFO Calling fetch_from_url for https://api.openweathermap.org/data/2.5/weather?lat=40.346102&lon=-94.872471&appid=54b37d867f668851633613ae1a099528S&units=imperial
2023-08-08 23:49:11,706.continuous_location.INFO Calling get_temperature_from_openweathermap for {lat}, {long}}
2023-08-08 23:49:11,721.continuous_location.INFO Calling fetch_from_url for https://api.openweathermap.org/data/2.5/weather?lat=34.052235&lon=-118.243683&appid=54b37d867f668851633613ae1a099528S&units=imperial
2023-08-08 23:49:11,729.continuous_location.INFO Calling get_temperature_from_openweathermap for {lat}, {long}}
2023-08-08 23:49:11,737.continuous_location.INFO Calling fetch_from_url for https://api.openweathermap.org/data/2.5/weather?lat=25.77427&lon=-80.19366&appid=54b37d867f668851633613ae1a099528S&units=imperial
2023-08-08 23:49:11,737.continuous_location.INFO Calling get_temperature_from_openweathermap for {lat}, {long}}
2023-08-08 23:49:11,737.continuous_location.INFO Calling fetch_from_url for https://api.openweathermap.org/data/2.5/weather?lat=40.73061&lon=-73.935242&appid=54b37d867f668851633613ae1a099528S&units=imperial
2023-08-08 23:49:11,737.continuous_location.INFO Saving temperatures to C:\Users\habto\Desktop\NWMS classes\CI\CI-Project-6\data\mtcars_location.csv
2023-08-08 23:50:13,948.continuous_location.INFO Calling get_temperature_from_openweathermap for {lat}, {long}}
2023-08-08 23:50:13,950.continuous_location.INFO Calling fetch_from_url for https://api.openweathermap.org/data/2.5/weather?lat=47.903237&lon=-91.867087&appid=54b37d867f668851633613ae1a099528S&units=imperial
2023-08-08 23:50:13,951.continuous_location.INFO Calling get_temperature_from_openweathermap for {lat}, {long}}
2023-08-08 23:50:13,953.continuous_location.INFO Calling fetch_from_url for https://api.openweathermap.org/data/2.5/weather?lat=36.5323&lon=-116.93&appid=54b37d867f668851633613ae1a099528S&units=imperial
2023-08-08 23:50:13,953.continuous_location.INFO Calling get_temperature_from_openweathermap for {lat}, {long}}
2023-08-08 23:50:13,954.continuous_location.INFO Calling fetch_from_url for https://api.openweathermap.org/data/2.5/weather?lat=40.346102&lon=-94.872471&appid=54b37d867f668851633613ae1a099528S&units=imperial
2023-08-08 23:50:13,955.continuous_location.INFO Calling get_temperature_from_openweathermap for {lat}, {long}}
2023-08-08 23:50:13,956.continuous_location.INFO Calling fetch_from_url for https://api.openweathermap.org/data/2.5/weather?lat=34.052235&lon=-118.243683&appid=54b37d867f668851633613ae1a099528S&units=imperial
2023-08-08 23:50:13,957.continuous_location.INFO Calling get_temperature_from_openweathermap for {lat}, {long}}
2023-08-08 23:50:13,959.continuous_location.INFO Calling fetch_from_url for https://api.openweathermap.org/data/2.5/weather?lat=25.77427&lon=-80.19366&appid=54b37d867f668851633613ae1a099528S&units=imperial
2023-08-08 23:50:13,960.continuous_location.INFO Calling get_temperature_from_openweathermap for {lat}, {long}}
2023-08-08 23:50:13,961.continuous_location.INFO Calling fetch_from_url for https://api.openweathermap.org/data/2.5/weather?lat=40.73061&lon=-73.935242&appid=54b37d867f668851633613ae1a099528S&units=imperial
2023-08-08 23:50:13,967.continuous_location.INFO Saving temperatures to C:\Users\habto\Desktop\NWMS classes\CI\CI-Project-6\data\mtcars_location.csv
2023-08-08 23:51:14,456.continuous_location.INFO Calling get_temperature_from_openweathermap for {lat}, {long}}
2023-08-08 23:51:14,456.continuous_location.INFO Calling fetch_from_url for https://api.openweathermap.org/data/2.5/weather?lat=47.903237&lon=-91.867087&appid=54b37d867f668851633613ae1a099528S&units=imperial
2023-08-08 23:51:14,456.continuous_location.INFO Calling get_temperature_from_openweathermap for {lat}, {long}}
2023-08-08 23:51:14,468.continuous_location.INFO Calling fetch_from_url for https://api.openweathermap.org/data/2.5/weather?lat=36.5323&lon=-116.93&appid=54b37d867f668851633613ae1a099528S&units=imperial
2023-08-08 23:51:14,468.continuous_location.INFO Calling get_temperature_from_openweathermap for {lat}, {long}}
2023-08-08 23:51:14,468.continuous_location.INFO Calling fetch_from_url for https://api.openweathermap.org/data/2.5/weather?lat=40.346102&lon=-94.872471&appid=54b37d867f668851633613ae1a099528S&units=imperial
2023-08-08 23:51:14,468.continuous_location.INFO Calling get_temperature_from_openweathermap for {lat}, {long}}
2023-08-08 23:51:14,471.continuous_location.INFO Calling fetch_from_url for https://api.openweathermap.org/data/2.5/weather?lat=34.052235&lon=-118.243683&appid=54b37d867f668851633613ae1a099528S&units=imperial
2023-08-08 23:51:14,471.continuous_location.INFO Calling get_temperature_from_openweathermap for {lat}, {long}}
2023-08-08 23:51:14,471.continuous_location.INFO Calling fetch_from_url for https://api.openweathermap.org/data/2.5/weather?lat=25.77427&lon=-80.19366&appid=54b37d867f668851633613ae1a099528S&units=imperial
2023-08-08 23:51:14,471.continuous_location.INFO Calling get_temperature_from_openweathermap for {lat}, {long}}
2023-08-08 23:51:14,471.continuous_location.INFO Calling fetch_from_url for https://api.openweathermap.org/data/2.5/weather?lat=40.73061&lon=-73.935242&appid=54b37d867f668851633613ae1a099528S&units=imperial
2023-08-08 23:51:14,477.continuous_location.INFO Saving temperatures to C:\Users\habto\Desktop\NWMS classes\CI\CI-Project-6\data\mtcars_location.csv
2023-08-08 23:52:14,474.continuous_location.INFO Calling get_temperature_from_openweathermap for {lat}, {long}}
2023-08-08 23:52:14,490.continuous_location.INFO Calling fetch_from_url for https://api.openweathermap.org/data/2.5/weather?lat=47.903237&lon=-91.867087&appid=54b37d867f668851633613ae1a099528S&units=imperial
2023-08-08 23:52:14,490.continuous_location.INFO Calling get_temperature_from_openweathermap for {lat}, {long}}
2023-08-08 23:52:14,490.continuous_location.INFO Calling fetch_from_url for https://api.openweathermap.org/data/2.5/weather?lat=36.5323&lon=-116.93&appid=54b37d867f668851633613ae1a099528S&units=imperial
2023-08-08 23:52:14,506.continuous_location.INFO Calling get_temperature_from_openweathermap for {lat}, {long}}
2023-08-08 23:52:14,506.continuous_location.INFO Calling fetch_from_url for https://api.openweathermap.org/data/2.5/weather?lat=40.346102&lon=-94.872471&appid=54b37d867f668851633613ae1a099528S&units=imperial
2023-08-08 23:52:14,506.continuous_location.INFO Calling get_temperature_from_openweathermap for {lat}, {long}}
2023-08-08 23:52:14,521.continuous_location.INFO Calling fetch_from_url for https://api.openweathermap.org/data/2.5/weather?lat=34.052235&lon=-118.243683&appid=54b37d867f668851633613ae1a099528S&units=imperial
2023-08-08 23:52:14,521.continuous_location.INFO Calling get_temperature_from_openweathermap for {lat}, {long}}
2023-08-08 23:52:14,521.continuous_location.INFO Calling fetch_from_url for https://api.openweathermap.org/data/2.5/weather?lat=25.77427&lon=-80.19366&appid=54b37d867f668851633613ae1a099528S&units=imperial
2023-08-08 23:52:14,537.continuous_location.INFO Calling get_temperature_from_openweathermap for {lat}, {long}}
2023-08-08 23:52:14,553.continuous_location.INFO Calling fetch_from_url for https://api.openweathermap.org/data/2.5/weather?lat=40.73061&lon=-73.935242&appid=54b37d867f668851633613ae1a099528S&units=imperial
2023-08-08 23:52:14,631.continuous_location.INFO Saving temperatures to C:\Users\habto\Desktop\NWMS classes\CI\CI-Project-6\data\mtcars_location.csv
2023-08-08 23:53:14,651.continuous_location.INFO Calling get_temperature_from_openweathermap for {lat}, {long}}
2023-08-08 23:53:14,651.continuous_location.INFO Calling fetch_from_url for https://api.openweathermap.org/data/2.5/weather?lat=47.903237&lon=-91.867087&appid=54b37d867f668851633613ae1a099528S&units=imperial
2023-08-08 23:53:14,651.continuous_location.INFO Calling get_temperature_from_openweathermap for {lat}, {long}}
2023-08-08 23:53:14,651.continuous_location.INFO Calling fetch_from_url for https://api.openweathermap.org/data/2.5/weather?lat=36.5323&lon=-116.93&appid=54b37d867f668851633613ae1a099528S&units=imperial
2023-08-08 23:53:14,651.continuous_location.INFO Calling get_temperature_from_openweathermap for {lat}, {long}}
2023-08-08 23:53:14,651.continuous_location.INFO Calling fetch_from_url for https://api.openweathermap.org/data/2.5/weather?lat=40.346102&lon=-94.872471&appid=54b37d867f668851633613ae1a099528S&units=imperial
2023-08-08 23:53:14,662.continuous_location.INFO Calling get_temperature_from_openweathermap for {lat}, {long}}
2023-08-08 23:53:14,683.continuous_location.INFO Calling fetch_from_url for https://api.openweathermap.org/data/2.5/weather?lat=34.052235&lon=-118.243683&appid=54b37d867f668851633613ae1a099528S&units=imperial
2023-08-08 23:53:14,683.continuous_location.INFO Calling get_temperature_from_openweathermap for {lat}, {long}}
2023-08-08 23:53:14,699.continuous_location.INFO Calling fetch_from_url for https://api.openweathermap.org/data/2.5/weather?lat=25.77427&lon=-80.19366&appid=54b37d867f668851633613ae1a099528S&units=imperial
2023-08-08 23:53:14,699.continuous_location.INFO Calling get_temperature_from_openweathermap for {lat}, {long}}
2023-08-08 23:53:14,730.continuous_location.INFO Calling fetch_from_url for https://api.openweathermap.org/data/2.5/weather?lat=40.73061&lon=-73.935242&appid=54b37d867f668851633613ae1a099528S&units=imperial
2023-08-08 23:53:14,762.continuous_location.INFO Saving temperatures to C:\Users\habto\Desktop\NWMS classes\CI\CI-Project-6\data\mtcars_location.csv
2023-08-08 23:54:25,763.continuous_location.INFO Calling get_temperature_from_openweathermap for {lat}, {long}}
2023-08-08 23:54:25,763.continuous_location.INFO Calling fetch_from_url for https://api.openweathermap.org/data/2.5/weather?lat=47.903237&lon=-91.867087&appid=54b37d867f668851633613ae1a099528S&units=imperial
2023-08-08 23:54:25,765.continuous_location.INFO Calling get_temperature_from_openweathermap for {lat}, {long}}
2023-08-08 23:54:25,765.continuous_location.INFO Calling fetch_from_url for https://api.openweathermap.org/data/2.5/weather?lat=36.5323&lon=-116.93&appid=54b37d867f668851633613ae1a099528S&units=imperial
2023-08-08 23:54:25,765.continuous_location.INFO Calling get_temperature_from_openweathermap for {lat}, {long}}
2023-08-08 23:54:25,765.continuous_location.INFO Calling fetch_from_url for https://api.openweathermap.org/data/2.5/weather?lat=40.346102&lon=-94.872471&appid=54b37d867f668851633613ae1a099528S&units=imperial
2023-08-08 23:54:25,765.continuous_location.INFO Calling get_temperature_from_openweathermap for {lat}, {long}}
2023-08-08 23:54:25,767.continuous_location.INFO Calling fetch_from_url for https://api.openweathermap.org/data/2.5/weather?lat=34.052235&lon=-118.243683&appid=54b37d867f668851633613ae1a099528S&units=imperial
2023-08-08 23:54:25,769.continuous_location.INFO Calling get_temperature_from_openweathermap for {lat}, {long}}
2023-08-08 23:54:25,769.continuous_location.INFO Calling fetch_from_url for https://api.openweathermap.org/data/2.5/weather?lat=25.77427&lon=-80.19366&appid=54b37d867f668851633613ae1a099528S&units=imperial
2023-08-08 23:54:25,769.continuous_location.INFO Calling get_temperature_from_openweathermap for {lat}, {long}}
2023-08-08 23:54:25,769.continuous_location.INFO Calling fetch_from_url for https://api.openweathermap.org/data/2.5/weather?lat=40.73061&lon=-73.935242&appid=54b37d867f668851633613ae1a099528S&units=imperial
2023-08-08 23:54:25,772.continuous_location.INFO Saving temperatures to C:\Users\habto\Desktop\NWMS classes\CI\CI-Project-6\data\mtcars_location.csv
2023-08-08 23:55:27,650.continuous_location.INFO Calling get_temperature_from_openweathermap for {lat}, {long}}
2023-08-08 23:55:27,650.continuous_location.INFO Calling fetch_from_url for https://api.openweathermap.org/data/2.5/weather?lat=47.903237&lon=-91.867087&appid=54b37d867f668851633613ae1a099528S&units=imperial
2023-08-08 23:55:27,650.continuous_location.INFO Calling get_temperature_from_openweathermap for {lat}, {long}}
2023-08-08 23:55:27,650.continuous_location.INFO Calling fetch_from_url for https://api.openweathermap.org/data/2.5/weather?lat=36.5323&lon=-116.93&appid=54b37d867f668851633613ae1a099528S&units=imperial
2023-08-08 23:55:27,659.continuous_location.INFO Calling get_temperature_from_openweathermap for {lat}, {long}}
2023-08-08 23:55:27,659.continuous_location.INFO Calling fetch_from_url for https://api.openweathermap.org/data/2.5/weather?lat=40.346102&lon=-94.872471&appid=54b37d867f668851633613ae1a099528S&units=imperial
2023-08-08 23:55:27,661.continuous_location.INFO Calling get_temperature_from_openweathermap for {lat}, {long}}
2023-08-08 23:55:27,661.continuous_location.INFO Calling fetch_from_url for https://api.openweathermap.org/data/2.5/weather?lat=34.052235&lon=-118.243683&appid=54b37d867f668851633613ae1a099528S&units=imperial
2023-08-08 23:55:27,661.continuous_location.INFO Calling get_temperature_from_openweathermap for {lat}, {long}}
2023-08-08 23:55:27,661.continuous_location.INFO Calling fetch_from_url for https://api.openweathermap.org/data/2.5/weather?lat=25.77427&lon=-80.19366&appid=54b37d867f668851633613ae1a099528S&units=imperial
2023-08-08 23:55:27,661.continuous_location.INFO Calling get_temperature_from_openweathermap for {lat}, {long}}
2023-08-08 23:55:27,664.continuous_location.INFO Calling fetch_from_url for https://api.openweathermap.org/data/2.5/weather?lat=40.73061&lon=-73.935242&appid=54b37d867f668851633613ae1a099528S&units=imperial
2023-08-08 23:55:27,664.continuous_location.INFO Saving temperatures to C:\Users\habto\Desktop\NWMS classes\CI\CI-Project-6\data\mtcars_location.csv
2023-08-08 23:57:28,343.continuous_location.INFO Calling update_csv_location
2023-08-08 23:57:28,343.continuous_location.INFO update_interval: 60
2023-08-08 23:57:28,343.continuous_location.INFO total_runtime: 900
2023-08-08 23:57:28,343.continuous_location.INFO num_updates: 10
2023-08-08 23:57:28,343.continuous_location.INFO Initialized csv file at C:\Users\habto\Desktop\NWMS classes\CI\CI-Project-6\data\mtcars_location.csv
2023-08-08 23:57:28,343.continuous_location.INFO Calling get_temperature_from_openweathermap for {lat}, {long}}
2023-08-08 23:57:28,343.continuous_location.INFO Calling fetch_from_url for https://api.openweathermap.org/data/2.5/weather?lat=47.903237&lon=-91.867087&appid=54b37d867f668851633613ae1a099528S&units=imperial
2023-08-08 23:57:28,343.continuous_location.INFO Calling get_temperature_from_openweathermap for {lat}, {long}}
2023-08-08 23:57:28,343.continuous_location.INFO Calling fetch_from_url for https://api.openweathermap.org/data/2.5/weather?lat=36.5323&lon=-116.93&appid=54b37d867f668851633613ae1a099528S&units=imperial
2023-08-08 23:57:28,343.continuous_location.INFO Calling get_temperature_from_openweathermap for {lat}, {long}}
2023-08-08 23:57:28,349.continuous_location.INFO Calling fetch_from_url for https://api.openweathermap.org/data/2.5/weather?lat=40.346102&lon=-94.872471&appid=54b37d867f668851633613ae1a099528S&units=imperial
2023-08-08 23:57:28,349.continuous_location.INFO Calling get_temperature_from_openweathermap for {lat}, {long}}
2023-08-08 23:57:28,349.continuous_location.INFO Calling fetch_from_url for https://api.openweathermap.org/data/2.5/weather?lat=34.052235&lon=-118.243683&appid=54b37d867f668851633613ae1a099528S&units=imperial
2023-08-08 23:57:28,351.continuous_location.INFO Calling get_temperature_from_openweathermap for {lat}, {long}}
2023-08-08 23:57:28,351.continuous_location.INFO Calling fetch_from_url for https://api.openweathermap.org/data/2.5/weather?lat=25.77427&lon=-80.19366&appid=54b37d867f668851633613ae1a099528S&units=imperial
2023-08-08 23:57:28,351.continuous_location.INFO Calling get_temperature_from_openweathermap for {lat}, {long}}
2023-08-08 23:57:28,351.continuous_location.INFO Calling fetch_from_url for https://api.openweathermap.org/data/2.5/weather?lat=40.73061&lon=-73.935242&appid=54b37d867f668851633613ae1a099528S&units=imperial
2023-08-08 23:57:28,351.continuous_location.INFO Saving temperatures to C:\Users\habto\Desktop\NWMS classes\CI\CI-Project-6\data\mtcars_location.csv
2023-08-08 23:58:28,374.continuous_location.INFO Calling get_temperature_from_openweathermap for {lat}, {long}}
2023-08-08 23:58:28,374.continuous_location.INFO Calling fetch_from_url for https://api.openweathermap.org/data/2.5/weather?lat=47.903237&lon=-91.867087&appid=54b37d867f668851633613ae1a099528S&units=imperial
2023-08-08 23:58:28,374.continuous_location.INFO Calling get_temperature_from_openweathermap for {lat}, {long}}
2023-08-08 23:58:28,374.continuous_location.INFO Calling fetch_from_url for https://api.openweathermap.org/data/2.5/weather?lat=36.5323&lon=-116.93&appid=54b37d867f668851633613ae1a099528S&units=imperial
2023-08-08 23:58:28,374.continuous_location.INFO Calling get_temperature_from_openweathermap for {lat}, {long}}
2023-08-08 23:58:28,374.continuous_location.INFO Calling fetch_from_url for https://api.openweathermap.org/data/2.5/weather?lat=40.346102&lon=-94.872471&appid=54b37d867f668851633613ae1a099528S&units=imperial
2023-08-08 23:58:28,374.continuous_location.INFO Calling get_temperature_from_openweathermap for {lat}, {long}}
2023-08-08 23:58:28,374.continuous_location.INFO Calling fetch_from_url for https://api.openweathermap.org/data/2.5/weather?lat=34.052235&lon=-118.243683&appid=54b37d867f668851633613ae1a099528S&units=imperial
2023-08-08 23:58:28,374.continuous_location.INFO Calling get_temperature_from_openweathermap for {lat}, {long}}
2023-08-08 23:58:28,374.continuous_location.INFO Calling fetch_from_url for https://api.openweathermap.org/data/2.5/weather?lat=25.77427&lon=-80.19366&appid=54b37d867f668851633613ae1a099528S&units=imperial
2023-08-08 23:58:28,374.continuous_location.INFO Calling get_temperature_from_openweathermap for {lat}, {long}}
2023-08-08 23:58:28,374.continuous_location.INFO Calling fetch_from_url for https://api.openweathermap.org/data/2.5/weather?lat=40.73061&lon=-73.935242&appid=54b37d867f668851633613ae1a099528S&units=imperial
2023-08-08 23:58:28,383.continuous_location.INFO Saving temperatures to C:\Users\habto\Desktop\NWMS classes\CI\CI-Project-6\data\mtcars_location.csv
2023-08-08 23:59:28,372.continuous_location.INFO Calling get_temperature_from_openweathermap for {lat}, {long}}
2023-08-08 23:59:28,372.continuous_location.INFO Calling fetch_from_url for https://api.openweathermap.org/data/2.5/weather?lat=47.903237&lon=-91.867087&appid=54b37d867f668851633613ae1a099528S&units=imperial
2023-08-08 23:59:28,372.continuous_location.INFO Calling get_temperature_from_openweathermap for {lat}, {long}}
2023-08-08 23:59:28,372.continuous_location.INFO Calling fetch_from_url for https://api.openweathermap.org/data/2.5/weather?lat=36.5323&lon=-116.93&appid=54b37d867f668851633613ae1a099528S&units=imperial
2023-08-08 23:59:28,372.continuous_location.INFO Calling get_temperature_from_openweathermap for {lat}, {long}}
2023-08-08 23:59:28,372.continuous_location.INFO Calling fetch_from_url for https://api.openweathermap.org/data/2.5/weather?lat=40.346102&lon=-94.872471&appid=54b37d867f668851633613ae1a099528S&units=imperial
2023-08-08 23:59:28,377.continuous_location.INFO Calling get_temperature_from_openweathermap for {lat}, {long}}
2023-08-08 23:59:28,377.continuous_location.INFO Calling fetch_from_url for https://api.openweathermap.org/data/2.5/weather?lat=34.052235&lon=-118.243683&appid=54b37d867f668851633613ae1a099528S&units=imperial
2023-08-08 23:59:28,378.continuous_location.INFO Calling get_temperature_from_openweathermap for {lat}, {long}}
2023-08-08 23:59:28,378.continuous_location.INFO Calling fetch_from_url for https://api.openweathermap.org/data/2.5/weather?lat=25.77427&lon=-80.19366&appid=54b37d867f668851633613ae1a099528S&units=imperial
2023-08-08 23:59:28,378.continuous_location.INFO Calling get_temperature_from_openweathermap for {lat}, {long}}
2023-08-08 23:59:28,378.continuous_location.INFO Calling fetch_from_url for https://api.openweathermap.org/data/2.5/weather?lat=40.73061&lon=-73.935242&appid=54b37d867f668851633613ae1a099528S&units=imperial
2023-08-08 23:59:28,383.continuous_location.INFO Saving temperatures to C:\Users\habto\Desktop\NWMS classes\CI\CI-Project-6\data\mtcars_location.csv
2023-08-09 00:00:28,384.continuous_location.INFO Calling get_temperature_from_openweathermap for {lat}, {long}}
2023-08-09 00:00:28,385.continuous_location.INFO Calling fetch_from_url for https://api.openweathermap.org/data/2.5/weather?lat=47.903237&lon=-91.867087&appid=54b37d867f668851633613ae1a099528S&units=imperial
2023-08-09 00:00:28,388.continuous_location.INFO Calling get_temperature_from_openweathermap for {lat}, {long}}
2023-08-09 00:00:28,388.continuous_location.INFO Calling fetch_from_url for https://api.openweathermap.org/data/2.5/weather?lat=36.5323&lon=-116.93&appid=54b37d867f668851633613ae1a099528S&units=imperial
2023-08-09 00:00:28,388.continuous_location.INFO Calling get_temperature_from_openweathermap for {lat}, {long}}
2023-08-09 00:00:28,388.continuous_location.INFO Calling fetch_from_url for https://api.openweathermap.org/data/2.5/weather?lat=40.346102&lon=-94.872471&appid=54b37d867f668851633613ae1a099528S&units=imperial
2023-08-09 00:00:28,390.continuous_location.INFO Calling get_temperature_from_openweathermap for {lat}, {long}}
2023-08-09 00:00:28,391.continuous_location.INFO Calling fetch_from_url for https://api.openweathermap.org/data/2.5/weather?lat=34.052235&lon=-118.243683&appid=54b37d867f668851633613ae1a099528S&units=imperial
2023-08-09 00:00:28,392.continuous_location.INFO Calling get_temperature_from_openweathermap for {lat}, {long}}
2023-08-09 00:00:28,393.continuous_location.INFO Calling fetch_from_url for https://api.openweathermap.org/data/2.5/weather?lat=25.77427&lon=-80.19366&appid=54b37d867f668851633613ae1a099528S&units=imperial
2023-08-09 00:00:28,393.continuous_location.INFO Calling get_temperature_from_openweathermap for {lat}, {long}}
2023-08-09 00:00:28,393.continuous_location.INFO Calling fetch_from_url for https://api.openweathermap.org/data/2.5/weather?lat=40.73061&lon=-73.935242&appid=54b37d867f668851633613ae1a099528S&units=imperial
2023-08-09 00:00:28,396.continuous_location.INFO Saving temperatures to C:\Users\habto\Desktop\NWMS classes\CI\CI-Project-6\data\mtcars_location.csv
2023-08-09 00:01:28,406.continuous_location.INFO Calling get_temperature_from_openweathermap for {lat}, {long}}
2023-08-09 00:01:28,406.continuous_location.INFO Calling fetch_from_url for https://api.openweathermap.org/data/2.5/weather?lat=47.903237&lon=-91.867087&appid=54b37d867f668851633613ae1a099528S&units=imperial
2023-08-09 00:01:28,408.continuous_location.INFO Calling get_temperature_from_openweathermap for {lat}, {long}}
2023-08-09 00:01:28,408.continuous_location.INFO Calling fetch_from_url for https://api.openweathermap.org/data/2.5/weather?lat=36.5323&lon=-116.93&appid=54b37d867f668851633613ae1a099528S&units=imperial
2023-08-09 00:01:28,408.continuous_location.INFO Calling get_temperature_from_openweathermap for {lat}, {long}}
2023-08-09 00:01:28,408.continuous_location.INFO Calling fetch_from_url for https://api.openweathermap.org/data/2.5/weather?lat=40.346102&lon=-94.872471&appid=54b37d867f668851633613ae1a099528S&units=imperial
2023-08-09 00:01:28,408.continuous_location.INFO Calling get_temperature_from_openweathermap for {lat}, {long}}
2023-08-09 00:01:28,411.continuous_location.INFO Calling fetch_from_url for https://api.openweathermap.org/data/2.5/weather?lat=34.052235&lon=-118.243683&appid=54b37d867f668851633613ae1a099528S&units=imperial
2023-08-09 00:01:28,411.continuous_location.INFO Calling get_temperature_from_openweathermap for {lat}, {long}}
2023-08-09 00:01:28,411.continuous_location.INFO Calling fetch_from_url for https://api.openweathermap.org/data/2.5/weather?lat=25.77427&lon=-80.19366&appid=54b37d867f668851633613ae1a099528S&units=imperial
2023-08-09 00:01:28,412.continuous_location.INFO Calling get_temperature_from_openweathermap for {lat}, {long}}
2023-08-09 00:01:28,413.continuous_location.INFO Calling fetch_from_url for https://api.openweathermap.org/data/2.5/weather?lat=40.73061&lon=-73.935242&appid=54b37d867f668851633613ae1a099528S&units=imperial
2023-08-09 00:01:28,415.continuous_location.INFO Saving temperatures to C:\Users\habto\Desktop\NWMS classes\CI\CI-Project-6\data\mtcars_location.csv
2023-08-09 00:02:28,429.continuous_location.INFO Calling get_temperature_from_openweathermap for {lat}, {long}}
2023-08-09 00:02:28,429.continuous_location.INFO Calling fetch_from_url for https://api.openweathermap.org/data/2.5/weather?lat=47.903237&lon=-91.867087&appid=54b37d867f668851633613ae1a099528S&units=imperial
2023-08-09 00:02:28,429.continuous_location.INFO Calling get_temperature_from_openweathermap for {lat}, {long}}
2023-08-09 00:02:28,429.continuous_location.INFO Calling fetch_from_url for https://api.openweathermap.org/data/2.5/weather?lat=36.5323&lon=-116.93&appid=54b37d867f668851633613ae1a099528S&units=imperial
2023-08-09 00:02:28,429.continuous_location.INFO Calling get_temperature_from_openweathermap for {lat}, {long}}
2023-08-09 00:02:28,429.continuous_location.INFO Calling fetch_from_url for https://api.openweathermap.org/data/2.5/weather?lat=40.346102&lon=-94.872471&appid=54b37d867f668851633613ae1a099528S&units=imperial
2023-08-09 00:02:28,429.continuous_location.INFO Calling get_temperature_from_openweathermap for {lat}, {long}}
2023-08-09 00:02:28,433.continuous_location.INFO Calling fetch_from_url for https://api.openweathermap.org/data/2.5/weather?lat=34.052235&lon=-118.243683&appid=54b37d867f668851633613ae1a099528S&units=imperial
2023-08-09 00:02:28,433.continuous_location.INFO Calling get_temperature_from_openweathermap for {lat}, {long}}
2023-08-09 00:02:28,435.continuous_location.INFO Calling fetch_from_url for https://api.openweathermap.org/data/2.5/weather?lat=25.77427&lon=-80.19366&appid=54b37d867f668851633613ae1a099528S&units=imperial
2023-08-09 00:02:28,435.continuous_location.INFO Calling get_temperature_from_openweathermap for {lat}, {long}}
2023-08-09 00:02:28,435.continuous_location.INFO Calling fetch_from_url for https://api.openweathermap.org/data/2.5/weather?lat=40.73061&lon=-73.935242&appid=54b37d867f668851633613ae1a099528S&units=imperial
2023-08-09 00:02:28,438.continuous_location.INFO Saving temperatures to C:\Users\habto\Desktop\NWMS classes\CI\CI-Project-6\data\mtcars_location.csv
2023-08-09 00:03:28,446.continuous_location.INFO Calling get_temperature_from_openweathermap for {lat}, {long}}
2023-08-09 00:03:28,448.continuous_location.INFO Calling fetch_from_url for https://api.openweathermap.org/data/2.5/weather?lat=47.903237&lon=-91.867087&appid=54b37d867f668851633613ae1a099528S&units=imperial
2023-08-09 00:03:28,448.continuous_location.INFO Calling get_temperature_from_openweathermap for {lat}, {long}}
2023-08-09 00:03:28,450.continuous_location.INFO Calling fetch_from_url for https://api.openweathermap.org/data/2.5/weather?lat=36.5323&lon=-116.93&appid=54b37d867f668851633613ae1a099528S&units=imperial
2023-08-09 00:03:28,450.continuous_location.INFO Calling get_temperature_from_openweathermap for {lat}, {long}}
2023-08-09 00:03:28,450.continuous_location.INFO Calling fetch_from_url for https://api.openweathermap.org/data/2.5/weather?lat=40.346102&lon=-94.872471&appid=54b37d867f668851633613ae1a099528S&units=imperial
2023-08-09 00:03:28,451.continuous_location.INFO Calling get_temperature_from_openweathermap for {lat}, {long}}
2023-08-09 00:03:28,451.continuous_location.INFO Calling fetch_from_url for https://api.openweathermap.org/data/2.5/weather?lat=34.052235&lon=-118.243683&appid=54b37d867f668851633613ae1a099528S&units=imperial
2023-08-09 00:03:28,453.continuous_location.INFO Calling get_temperature_from_openweathermap for {lat}, {long}}
2023-08-09 00:03:28,453.continuous_location.INFO Calling fetch_from_url for https://api.openweathermap.org/data/2.5/weather?lat=25.77427&lon=-80.19366&appid=54b37d867f668851633613ae1a099528S&units=imperial
2023-08-09 00:03:28,456.continuous_location.INFO Calling get_temperature_from_openweathermap for {lat}, {long}}
2023-08-09 00:03:28,456.continuous_location.INFO Calling fetch_from_url for https://api.openweathermap.org/data/2.5/weather?lat=40.73061&lon=-73.935242&appid=54b37d867f668851633613ae1a099528S&units=imperial
2023-08-09 00:03:28,459.continuous_location.INFO Saving temperatures to C:\Users\habto\Desktop\NWMS classes\CI\CI-Project-6\data\mtcars_location.csv
